[debug] [2021-02-06T15:03:06.490Z] ----------------------------------------------------------------------
[debug] [2021-02-06T15:03:06.491Z] Command:       C:\Program Files\nodejs\node.exe C:\Users\yoshua.nahar\AppData\Roaming\npm\node_modules\firebase-tools\lib\bin\firebase.js deploy --only functions
[debug] [2021-02-06T15:03:06.492Z] CLI Version:   9.3.0
[debug] [2021-02-06T15:03:06.492Z] Platform:      win32
[debug] [2021-02-06T15:03:06.492Z] Node Version:  v12.18.4
[debug] [2021-02-06T15:03:06.492Z] Time:          Sat Feb 06 2021 16:03:06 GMT+0100 (Central European Standard Time)
[debug] [2021-02-06T15:03:06.492Z] ----------------------------------------------------------------------
[debug] [2021-02-06T15:03:06.493Z] 
[debug] [2021-02-06T15:03:06.500Z] > command requires scopes: ["email","openid","https://www.googleapis.com/auth/cloudplatformprojects.readonly","https://www.googleapis.com/auth/firebase","https://www.googleapis.com/auth/cloud-platform"]
[debug] [2021-02-06T15:03:06.501Z] > authorizing via signed-in user
[debug] [2021-02-06T15:03:06.501Z] [iam] checking project parkhaven-457c4 for permissions ["cloudfunctions.functions.create","cloudfunctions.functions.delete","cloudfunctions.functions.get","cloudfunctions.functions.list","cloudfunctions.functions.update","cloudfunctions.operations.get","firebase.projects.get"]
[debug] [2021-02-06T15:03:06.504Z] >>> HTTP REQUEST POST https://cloudresourcemanager.googleapis.com/v1/projects/parkhaven-457c4:testIamPermissions  
 {"permissions":["cloudfunctions.functions.create","cloudfunctions.functions.delete","cloudfunctions.functions.get","cloudfunctions.functions.list","cloudfunctions.functions.update","cloudfunctions.operations.get","firebase.projects.get"]}
[debug] [2021-02-06T15:03:07.184Z] <<< HTTP RESPONSE 200 {"content-type":"application/json; charset=UTF-8","vary":"X-Origin, Referer, Origin,Accept-Encoding","date":"Sat, 06 Feb 2021 15:03:07 GMT","server":"ESF","cache-control":"private","x-xss-protection":"0","x-frame-options":"SAMEORIGIN","x-content-type-options":"nosniff","server-timing":"gfet4t7; dur=584","alt-svc":"h3-29=\":443\"; ma=2592000,h3-T051=\":443\"; ma=2592000,h3-Q050=\":443\"; ma=2592000,h3-Q046=\":443\"; ma=2592000,h3-Q043=\":443\"; ma=2592000,quic=\":443\"; ma=2592000; v=\"46,43\"","accept-ranges":"none","transfer-encoding":"chunked"}
[debug] [2021-02-06T15:03:07.186Z] >>> HTTP REQUEST POST https://iam.googleapis.com/v1/projects/parkhaven-457c4/serviceAccounts/parkhaven-457c4@appspot.gserviceaccount.com:testIamPermissions  
 {"permissions":["iam.serviceAccounts.actAs"]}
[debug] [2021-02-06T15:03:07.841Z] <<< HTTP RESPONSE 200 {"content-type":"application/json; charset=UTF-8","vary":"X-Origin, Referer, Origin,Accept-Encoding","date":"Sat, 06 Feb 2021 15:03:07 GMT","server":"ESF","cache-control":"private","x-xss-protection":"0","x-frame-options":"SAMEORIGIN","x-content-type-options":"nosniff","alt-svc":"h3-29=\":443\"; ma=2592000,h3-T051=\":443\"; ma=2592000,h3-Q050=\":443\"; ma=2592000,h3-Q046=\":443\"; ma=2592000,h3-Q043=\":443\"; ma=2592000,quic=\":443\"; ma=2592000; v=\"46,43\"","accept-ranges":"none","transfer-encoding":"chunked"}
[warn] !  functions: package.json indicates an outdated version of firebase-functions.
Please upgrade using npm install --save firebase-functions@latest in your functions directory. 
[info] 
[info] === Deploying to 'parkhaven-457c4'...
[info] 
[info] i  deploying functions 
[debug] [2021-02-06T15:03:11.660Z] > [functions] package.json contents: {
  "name": "functions",
  "description": "Cloud Functions for Firebase",
  "scripts": {
    "lint": "eslint .",
    "serve": "firebase serve --only functions",
    "shell": "firebase functions:shell",
    "start": "npm run shell",
    "deploy": "firebase deploy --only functions",
    "logs": "firebase functions:log"
  },
  "dependencies": {
    "cors": "^2.8.4",
    "firebase-admin": "^6.0.0",
    "firebase-functions": "^2.0.5"
  },
  "devDependencies": {
    "eslint": "^6.8.0",
    "eslint-plugin-promise": "^4.2.1"
  },
  "engines": {
    "node": "12"
  },
  "private": true
}
[info] i  functions: ensuring required API cloudfunctions.googleapis.com is enabled... 
[info] i  functions: ensuring required API cloudbuild.googleapis.com is enabled... 
[debug] [2021-02-06T15:03:13.976Z] >>> HTTP REQUEST GET https://serviceusage.googleapis.com/v1/projects/parkhaven-457c4/services/cloudfunctions.googleapis.com  
 
[debug] [2021-02-06T15:03:13.977Z] >>> HTTP REQUEST GET https://serviceusage.googleapis.com/v1/projects/parkhaven-457c4/services/runtimeconfig.googleapis.com  
 
[debug] [2021-02-06T15:03:13.977Z] >>> HTTP REQUEST GET https://serviceusage.googleapis.com/v1/projects/parkhaven-457c4/services/cloudbuild.googleapis.com  
 
[debug] [2021-02-06T15:03:14.878Z] <<< HTTP RESPONSE 200 {"content-type":"application/json; charset=UTF-8","vary":"X-Origin, Referer, Origin,Accept-Encoding","date":"Sat, 06 Feb 2021 15:03:14 GMT","server":"ESF","cache-control":"private","x-xss-protection":"0","x-frame-options":"SAMEORIGIN","x-content-type-options":"nosniff","alt-svc":"h3-29=\":443\"; ma=2592000,h3-T051=\":443\"; ma=2592000,h3-Q050=\":443\"; ma=2592000,h3-Q046=\":443\"; ma=2592000,h3-Q043=\":443\"; ma=2592000,quic=\":443\"; ma=2592000; v=\"46,43\"","accept-ranges":"none","transfer-encoding":"chunked"}
[debug] [2021-02-06T15:03:14.892Z] <<< HTTP RESPONSE 200 {"content-type":"application/json; charset=UTF-8","vary":"X-Origin, Referer, Origin,Accept-Encoding","date":"Sat, 06 Feb 2021 15:03:14 GMT","server":"ESF","cache-control":"private","x-xss-protection":"0","x-frame-options":"SAMEORIGIN","x-content-type-options":"nosniff","alt-svc":"h3-29=\":443\"; ma=2592000,h3-T051=\":443\"; ma=2592000,h3-Q050=\":443\"; ma=2592000,h3-Q046=\":443\"; ma=2592000,h3-Q043=\":443\"; ma=2592000,quic=\":443\"; ma=2592000; v=\"46,43\"","accept-ranges":"none","transfer-encoding":"chunked"}
[warn] !  functions: missing required API cloudbuild.googleapis.com. Enabling now... 
[debug] [2021-02-06T15:03:14.895Z] >>> HTTP REQUEST POST https://serviceusage.googleapis.com/v1/projects/parkhaven-457c4/services/cloudbuild.googleapis.com:enable  
 
[debug] [2021-02-06T15:03:14.908Z] <<< HTTP RESPONSE 200 {"content-type":"application/json; charset=UTF-8","vary":"X-Origin, Referer, Origin,Accept-Encoding","date":"Sat, 06 Feb 2021 15:03:14 GMT","server":"ESF","cache-control":"private","x-xss-protection":"0","x-frame-options":"SAMEORIGIN","x-content-type-options":"nosniff","alt-svc":"h3-29=\":443\"; ma=2592000,h3-T051=\":443\"; ma=2592000,h3-Q050=\":443\"; ma=2592000,h3-Q046=\":443\"; ma=2592000,h3-Q043=\":443\"; ma=2592000,quic=\":443\"; ma=2592000; v=\"46,43\"","accept-ranges":"none","transfer-encoding":"chunked"}
[info] +  functions: required API cloudfunctions.googleapis.com is enabled 
[debug] [2021-02-06T15:03:16.412Z] <<< HTTP RESPONSE 200 {"content-type":"application/json; charset=UTF-8","vary":"X-Origin, Referer, Origin,Accept-Encoding","date":"Sat, 06 Feb 2021 15:03:16 GMT","server":"ESF","cache-control":"private","x-xss-protection":"0","x-frame-options":"SAMEORIGIN","x-content-type-options":"nosniff","alt-svc":"h3-29=\":443\"; ma=2592000,h3-T051=\":443\"; ma=2592000,h3-Q050=\":443\"; ma=2592000,h3-Q046=\":443\"; ma=2592000,h3-Q043=\":443\"; ma=2592000,quic=\":443\"; ma=2592000; v=\"46,43\"","accept-ranges":"none","transfer-encoding":"chunked"}
[debug] [2021-02-06T15:03:26.426Z] >>> HTTP REQUEST GET https://serviceusage.googleapis.com/v1/projects/parkhaven-457c4/services/cloudbuild.googleapis.com  
 
[debug] [2021-02-06T15:03:27.267Z] <<< HTTP RESPONSE 200 {"content-type":"application/json; charset=UTF-8","vary":"X-Origin, Referer, Origin,Accept-Encoding","date":"Sat, 06 Feb 2021 15:03:27 GMT","server":"ESF","cache-control":"private","x-xss-protection":"0","x-frame-options":"SAMEORIGIN","x-content-type-options":"nosniff","alt-svc":"h3-29=\":443\"; ma=2592000,h3-T051=\":443\"; ma=2592000,h3-Q050=\":443\"; ma=2592000,h3-Q046=\":443\"; ma=2592000,h3-Q043=\":443\"; ma=2592000,quic=\":443\"; ma=2592000; v=\"46,43\"","accept-ranges":"none","transfer-encoding":"chunked"}
[info] +  functions: required API cloudbuild.googleapis.com is enabled 
[debug] [2021-02-06T15:03:27.269Z] >>> HTTP REQUEST GET https://firebase.googleapis.com/v1beta1/projects/parkhaven-457c4/adminSdkConfig  
 
[debug] [2021-02-06T15:03:27.606Z] <<< HTTP RESPONSE 200 {"content-type":"application/json; charset=UTF-8","vary":"X-Origin, Referer, Origin,Accept-Encoding","date":"Sat, 06 Feb 2021 15:03:27 GMT","server":"ESF","cache-control":"private","x-xss-protection":"0","x-frame-options":"SAMEORIGIN","x-content-type-options":"nosniff","alt-svc":"h3-29=\":443\"; ma=2592000,h3-T051=\":443\"; ma=2592000,h3-Q050=\":443\"; ma=2592000,h3-Q046=\":443\"; ma=2592000,h3-Q043=\":443\"; ma=2592000,quic=\":443\"; ma=2592000; v=\"46,43\"","accept-ranges":"none","transfer-encoding":"chunked"}
[info] i  functions: preparing ./ directory for uploading... 
[debug] [2021-02-06T15:03:27.608Z] >>> HTTP REQUEST GET https://runtimeconfig.googleapis.com/v1beta1/projects/parkhaven-457c4/configs  
 
[debug] [2021-02-06T15:03:27.897Z] <<< HTTP RESPONSE 200 {"content-type":"application/json; charset=UTF-8","vary":"X-Origin, Referer, Origin,Accept-Encoding","date":"Sat, 06 Feb 2021 15:03:27 GMT","server":"ESF","cache-control":"private","x-xss-protection":"0","x-frame-options":"SAMEORIGIN","x-content-type-options":"nosniff","alt-svc":"h3-29=\":443\"; ma=2592000,h3-T051=\":443\"; ma=2592000,h3-Q050=\":443\"; ma=2592000,h3-Q046=\":443\"; ma=2592000,h3-Q043=\":443\"; ma=2592000,quic=\":443\"; ma=2592000; v=\"46,43\"","accept-ranges":"none","transfer-encoding":"chunked"}
[info] i  functions: packaged ./ (63.57 KB) for uploading 
[debug] [2021-02-06T15:03:28.191Z] >>> HTTP REQUEST GET https://cloudfunctions.googleapis.com/v1/projects/parkhaven-457c4/locations/-/functions  
 
[debug] [2021-02-06T15:03:28.713Z] <<< HTTP RESPONSE 200 {"content-type":"application/json; charset=UTF-8","vary":"X-Origin, Referer, Origin,Accept-Encoding","date":"Sat, 06 Feb 2021 15:03:28 GMT","server":"ESF","cache-control":"private","x-xss-protection":"0","x-frame-options":"SAMEORIGIN","x-content-type-options":"nosniff","alt-svc":"h3-29=\":443\"; ma=2592000,h3-T051=\":443\"; ma=2592000,h3-Q050=\":443\"; ma=2592000,h3-Q046=\":443\"; ma=2592000,h3-Q043=\":443\"; ma=2592000,quic=\":443\"; ma=2592000; v=\"46,43\"","accept-ranges":"none","transfer-encoding":"chunked"}
[debug] [2021-02-06T15:03:28.717Z] >>> HTTP REQUEST POST https://cloudfunctions.googleapis.com/v1/projects/parkhaven-457c4/locations/us-central1/functions:generateUploadUrl  
 
[debug] [2021-02-06T15:03:29.551Z] <<< HTTP RESPONSE 200 {"content-type":"application/json; charset=UTF-8","vary":"X-Origin, Referer, Origin,Accept-Encoding","date":"Sat, 06 Feb 2021 15:03:29 GMT","server":"ESF","cache-control":"private","x-xss-protection":"0","x-frame-options":"SAMEORIGIN","x-content-type-options":"nosniff","alt-svc":"h3-29=\":443\"; ma=2592000,h3-T051=\":443\"; ma=2592000,h3-Q050=\":443\"; ma=2592000,h3-Q046=\":443\"; ma=2592000,h3-Q043=\":443\"; ma=2592000,quic=\":443\"; ma=2592000; v=\"46,43\"","accept-ranges":"none","transfer-encoding":"chunked"}
[debug] [2021-02-06T15:03:29.552Z] >>> HTTP REQUEST PUT https://storage.googleapis.com/gcf-upload-us-central1-f5550d19-53d2-422b-83a7-81d6247e2a83/85879f65-a64d-4021-a09e-db9d251923ee.zip?GoogleAccessId=service-271910223877@gcf-admin-robot.iam.gserviceaccount.com&Expires=1612625609&Signature=XjUMEibqdlq3zWPFpAHWWERfDn5%2BV8BH%2B%2B6FmTFr6d9BgB%2BcnIXoLoec3FjLZ0sTR4ml3lrsxRoHmz5JD0gFCMTwNy%2BpzE1Hl%2F5yodS7Pu74%2BbqR35%2FIwLsGD8zalpZ72k2P1WgYh6%2F%2FpX%2Bp5J9W3H4rU2igDsfdZsrdvISyVibSQnOGKIdzuL5yxHz40%2FSi83DQ8qDs3iK3nYfcX%2FQ9UDoUpaC%2B2crl4mjrSnLFlSRix93ocdveKxtZdfTLNi6cOeeV1a7yAqFogJmEmqHJgHyiFKjNgT3XN6Y5u8KJhG6fYF5XXxDMFieYwqICBINgZ0%2BXogq15FVec5x%2BUzM%2Flw%3D%3D  
 <request body omitted>
[debug] [2021-02-06T15:03:29.896Z] <<< HTTP RESPONSE 200 {"x-guploader-uploadid":"ABg5-Uxny28N36sZWF-Uzj2iHE8CsxO57zFsbdgneQjzkgrNcxhNTopoFj0ili4LokMLPxojPP8603yRzqXRk5oKH8S9rN8J9Q","etag":"\"8d35b77e9a3867e01bd7c503b2bd1bc8\"","x-goog-generation":"1612623809821393","x-goog-metageneration":"1","x-goog-hash":"crc32c=9dGTtA==, md5=jTW3fpo4Z+Ab18UDsr0byA==","x-goog-stored-content-length":"65093","x-goog-stored-content-encoding":"identity","vary":"Origin","content-length":"0","date":"Sat, 06 Feb 2021 15:03:29 GMT","server":"UploadServer","content-type":"text/html; charset=UTF-8","alt-svc":"h3-29=\":443\"; ma=2592000,h3-T051=\":443\"; ma=2592000,h3-Q050=\":443\"; ma=2592000,h3-Q046=\":443\"; ma=2592000,h3-Q043=\":443\"; ma=2592000,quic=\":443\"; ma=2592000; v=\"46,43\""}
[info] +  functions: ./ folder uploaded successfully 
[info] i  functions: updating Node.js 12 function signup(us-central1)... 
[debug] [2021-02-06T15:03:29.901Z] Trigger is:  {"httpsTrigger":{}}
[info] i  functions: updating Node.js 12 function addAppointment(us-central1)... 
[debug] [2021-02-06T15:03:29.902Z] Trigger is:  {"httpsTrigger":{}}
[info] i  functions: updating Node.js 12 function removeAppointment(us-central1)... 
[debug] [2021-02-06T15:03:29.903Z] Trigger is:  {"httpsTrigger":{}}
[info] i  functions: updating Node.js 12 function deleteUser(us-central1)... 
[debug] [2021-02-06T15:03:29.903Z] Trigger is:  {"httpsTrigger":{}}
[info] i  functions: updating Node.js 12 function weeklyCleanUp(us-central1)... 
[debug] [2021-02-06T15:03:29.904Z] Trigger is:  {"httpsTrigger":{}}
[info] i  functions: updating Node.js 12 function dailyCleanUp(us-central1)... 
[debug] [2021-02-06T15:03:29.904Z] Trigger is:  {"httpsTrigger":{}}
[info] i  functions: updating Node.js 12 function handleMaintenaces(us-central1)... 
[debug] [2021-02-06T15:03:29.904Z] Trigger is:  {"httpsTrigger":{}}
[info] i  functions: updating Node.js 12 function setNewNotificationBoardMessage(us-central1)... 
[debug] [2021-02-06T15:03:29.905Z] Trigger is:  {"httpsTrigger":{}}
[info] i  functions: updating Node.js 12 function sendNotificationsPerAppointment(us-central1)... 
[debug] [2021-02-06T15:03:29.905Z] Trigger is:  {"httpsTrigger":{}}
[debug] [2021-02-06T15:03:29.907Z] >>> HTTP REQUEST PATCH https://cloudfunctions.googleapis.com/v1/projects/parkhaven-457c4/locations/us-central1/functions/signup {"updateMask":"sourceUploadUrl,name,labels,runtime,environmentVariables,httpsTrigger"} 
 {"sourceUploadUrl":"https://storage.googleapis.com/gcf-upload-us-central1-f5550d19-53d2-422b-83a7-81d6247e2a83/85879f65-a64d-4021-a09e-db9d251923ee.zip?GoogleAccessId=service-271910223877@gcf-admin-robot.iam.gserviceaccount.com&Expires=1612625609&Signature=XjUMEibqdlq3zWPFpAHWWERfDn5%2BV8BH%2B%2B6FmTFr6d9BgB%2BcnIXoLoec3FjLZ0sTR4ml3lrsxRoHmz5JD0gFCMTwNy%2BpzE1Hl%2F5yodS7Pu74%2BbqR35%2FIwLsGD8zalpZ72k2P1WgYh6%2F%2FpX%2Bp5J9W3H4rU2igDsfdZsrdvISyVibSQnOGKIdzuL5yxHz40%2FSi83DQ8qDs3iK3nYfcX%2FQ9UDoUpaC%2B2crl4mjrSnLFlSRix93ocdveKxtZdfTLNi6cOeeV1a7yAqFogJmEmqHJgHyiFKjNgT3XN6Y5u8KJhG6fYF5XXxDMFieYwqICBINgZ0%2BXogq15FVec5x%2BUzM%2Flw%3D%3D","name":"projects/parkhaven-457c4/locations/us-central1/functions/signup","labels":{"deployment-tool":"cli-firebase"},"httpsTrigger":{},"runtime":"nodejs12","environmentVariables":{"FIREBASE_CONFIG":"{\"projectId\":\"parkhaven-457c4\",\"databaseURL\":\"https://parkhaven-457c4.firebaseio.com\",\"storageBucket\":\"parkhaven-457c4.appspot.com\",\"locationId\":\"europe-west\"}"}}
[debug] [2021-02-06T15:03:29.908Z] >>> HTTP REQUEST PATCH https://cloudfunctions.googleapis.com/v1/projects/parkhaven-457c4/locations/us-central1/functions/addAppointment {"updateMask":"sourceUploadUrl,name,labels,runtime,environmentVariables,httpsTrigger"} 
 {"sourceUploadUrl":"https://storage.googleapis.com/gcf-upload-us-central1-f5550d19-53d2-422b-83a7-81d6247e2a83/85879f65-a64d-4021-a09e-db9d251923ee.zip?GoogleAccessId=service-271910223877@gcf-admin-robot.iam.gserviceaccount.com&Expires=1612625609&Signature=XjUMEibqdlq3zWPFpAHWWERfDn5%2BV8BH%2B%2B6FmTFr6d9BgB%2BcnIXoLoec3FjLZ0sTR4ml3lrsxRoHmz5JD0gFCMTwNy%2BpzE1Hl%2F5yodS7Pu74%2BbqR35%2FIwLsGD8zalpZ72k2P1WgYh6%2F%2FpX%2Bp5J9W3H4rU2igDsfdZsrdvISyVibSQnOGKIdzuL5yxHz40%2FSi83DQ8qDs3iK3nYfcX%2FQ9UDoUpaC%2B2crl4mjrSnLFlSRix93ocdveKxtZdfTLNi6cOeeV1a7yAqFogJmEmqHJgHyiFKjNgT3XN6Y5u8KJhG6fYF5XXxDMFieYwqICBINgZ0%2BXogq15FVec5x%2BUzM%2Flw%3D%3D","name":"projects/parkhaven-457c4/locations/us-central1/functions/addAppointment","labels":{"deployment-tool":"cli-firebase"},"httpsTrigger":{},"runtime":"nodejs12","environmentVariables":{"FIREBASE_CONFIG":"{\"projectId\":\"parkhaven-457c4\",\"databaseURL\":\"https://parkhaven-457c4.firebaseio.com\",\"storageBucket\":\"parkhaven-457c4.appspot.com\",\"locationId\":\"europe-west\"}"}}
[debug] [2021-02-06T15:03:29.908Z] >>> HTTP REQUEST PATCH https://cloudfunctions.googleapis.com/v1/projects/parkhaven-457c4/locations/us-central1/functions/removeAppointment {"updateMask":"sourceUploadUrl,name,labels,runtime,environmentVariables,httpsTrigger"} 
 {"sourceUploadUrl":"https://storage.googleapis.com/gcf-upload-us-central1-f5550d19-53d2-422b-83a7-81d6247e2a83/85879f65-a64d-4021-a09e-db9d251923ee.zip?GoogleAccessId=service-271910223877@gcf-admin-robot.iam.gserviceaccount.com&Expires=1612625609&Signature=XjUMEibqdlq3zWPFpAHWWERfDn5%2BV8BH%2B%2B6FmTFr6d9BgB%2BcnIXoLoec3FjLZ0sTR4ml3lrsxRoHmz5JD0gFCMTwNy%2BpzE1Hl%2F5yodS7Pu74%2BbqR35%2FIwLsGD8zalpZ72k2P1WgYh6%2F%2FpX%2Bp5J9W3H4rU2igDsfdZsrdvISyVibSQnOGKIdzuL5yxHz40%2FSi83DQ8qDs3iK3nYfcX%2FQ9UDoUpaC%2B2crl4mjrSnLFlSRix93ocdveKxtZdfTLNi6cOeeV1a7yAqFogJmEmqHJgHyiFKjNgT3XN6Y5u8KJhG6fYF5XXxDMFieYwqICBINgZ0%2BXogq15FVec5x%2BUzM%2Flw%3D%3D","name":"projects/parkhaven-457c4/locations/us-central1/functions/removeAppointment","labels":{"deployment-tool":"cli-firebase"},"httpsTrigger":{},"runtime":"nodejs12","environmentVariables":{"FIREBASE_CONFIG":"{\"projectId\":\"parkhaven-457c4\",\"databaseURL\":\"https://parkhaven-457c4.firebaseio.com\",\"storageBucket\":\"parkhaven-457c4.appspot.com\",\"locationId\":\"europe-west\"}"}}
[debug] [2021-02-06T15:03:29.909Z] >>> HTTP REQUEST PATCH https://cloudfunctions.googleapis.com/v1/projects/parkhaven-457c4/locations/us-central1/functions/deleteUser {"updateMask":"sourceUploadUrl,name,labels,runtime,environmentVariables,httpsTrigger"} 
 {"sourceUploadUrl":"https://storage.googleapis.com/gcf-upload-us-central1-f5550d19-53d2-422b-83a7-81d6247e2a83/85879f65-a64d-4021-a09e-db9d251923ee.zip?GoogleAccessId=service-271910223877@gcf-admin-robot.iam.gserviceaccount.com&Expires=1612625609&Signature=XjUMEibqdlq3zWPFpAHWWERfDn5%2BV8BH%2B%2B6FmTFr6d9BgB%2BcnIXoLoec3FjLZ0sTR4ml3lrsxRoHmz5JD0gFCMTwNy%2BpzE1Hl%2F5yodS7Pu74%2BbqR35%2FIwLsGD8zalpZ72k2P1WgYh6%2F%2FpX%2Bp5J9W3H4rU2igDsfdZsrdvISyVibSQnOGKIdzuL5yxHz40%2FSi83DQ8qDs3iK3nYfcX%2FQ9UDoUpaC%2B2crl4mjrSnLFlSRix93ocdveKxtZdfTLNi6cOeeV1a7yAqFogJmEmqHJgHyiFKjNgT3XN6Y5u8KJhG6fYF5XXxDMFieYwqICBINgZ0%2BXogq15FVec5x%2BUzM%2Flw%3D%3D","name":"projects/parkhaven-457c4/locations/us-central1/functions/deleteUser","labels":{"deployment-tool":"cli-firebase"},"httpsTrigger":{},"runtime":"nodejs12","environmentVariables":{"FIREBASE_CONFIG":"{\"projectId\":\"parkhaven-457c4\",\"databaseURL\":\"https://parkhaven-457c4.firebaseio.com\",\"storageBucket\":\"parkhaven-457c4.appspot.com\",\"locationId\":\"europe-west\"}"}}
[debug] [2021-02-06T15:03:29.909Z] >>> HTTP REQUEST PATCH https://cloudfunctions.googleapis.com/v1/projects/parkhaven-457c4/locations/us-central1/functions/weeklyCleanUp {"updateMask":"sourceUploadUrl,name,labels,runtime,environmentVariables,httpsTrigger"} 
 {"sourceUploadUrl":"https://storage.googleapis.com/gcf-upload-us-central1-f5550d19-53d2-422b-83a7-81d6247e2a83/85879f65-a64d-4021-a09e-db9d251923ee.zip?GoogleAccessId=service-271910223877@gcf-admin-robot.iam.gserviceaccount.com&Expires=1612625609&Signature=XjUMEibqdlq3zWPFpAHWWERfDn5%2BV8BH%2B%2B6FmTFr6d9BgB%2BcnIXoLoec3FjLZ0sTR4ml3lrsxRoHmz5JD0gFCMTwNy%2BpzE1Hl%2F5yodS7Pu74%2BbqR35%2FIwLsGD8zalpZ72k2P1WgYh6%2F%2FpX%2Bp5J9W3H4rU2igDsfdZsrdvISyVibSQnOGKIdzuL5yxHz40%2FSi83DQ8qDs3iK3nYfcX%2FQ9UDoUpaC%2B2crl4mjrSnLFlSRix93ocdveKxtZdfTLNi6cOeeV1a7yAqFogJmEmqHJgHyiFKjNgT3XN6Y5u8KJhG6fYF5XXxDMFieYwqICBINgZ0%2BXogq15FVec5x%2BUzM%2Flw%3D%3D","name":"projects/parkhaven-457c4/locations/us-central1/functions/weeklyCleanUp","labels":{"deployment-tool":"cli-firebase"},"httpsTrigger":{},"runtime":"nodejs12","environmentVariables":{"FIREBASE_CONFIG":"{\"projectId\":\"parkhaven-457c4\",\"databaseURL\":\"https://parkhaven-457c4.firebaseio.com\",\"storageBucket\":\"parkhaven-457c4.appspot.com\",\"locationId\":\"europe-west\"}"}}
[debug] [2021-02-06T15:03:29.909Z] >>> HTTP REQUEST PATCH https://cloudfunctions.googleapis.com/v1/projects/parkhaven-457c4/locations/us-central1/functions/dailyCleanUp {"updateMask":"sourceUploadUrl,name,labels,runtime,environmentVariables,httpsTrigger"} 
 {"sourceUploadUrl":"https://storage.googleapis.com/gcf-upload-us-central1-f5550d19-53d2-422b-83a7-81d6247e2a83/85879f65-a64d-4021-a09e-db9d251923ee.zip?GoogleAccessId=service-271910223877@gcf-admin-robot.iam.gserviceaccount.com&Expires=1612625609&Signature=XjUMEibqdlq3zWPFpAHWWERfDn5%2BV8BH%2B%2B6FmTFr6d9BgB%2BcnIXoLoec3FjLZ0sTR4ml3lrsxRoHmz5JD0gFCMTwNy%2BpzE1Hl%2F5yodS7Pu74%2BbqR35%2FIwLsGD8zalpZ72k2P1WgYh6%2F%2FpX%2Bp5J9W3H4rU2igDsfdZsrdvISyVibSQnOGKIdzuL5yxHz40%2FSi83DQ8qDs3iK3nYfcX%2FQ9UDoUpaC%2B2crl4mjrSnLFlSRix93ocdveKxtZdfTLNi6cOeeV1a7yAqFogJmEmqHJgHyiFKjNgT3XN6Y5u8KJhG6fYF5XXxDMFieYwqICBINgZ0%2BXogq15FVec5x%2BUzM%2Flw%3D%3D","name":"projects/parkhaven-457c4/locations/us-central1/functions/dailyCleanUp","labels":{"deployment-tool":"cli-firebase"},"httpsTrigger":{},"runtime":"nodejs12","environmentVariables":{"FIREBASE_CONFIG":"{\"projectId\":\"parkhaven-457c4\",\"databaseURL\":\"https://parkhaven-457c4.firebaseio.com\",\"storageBucket\":\"parkhaven-457c4.appspot.com\",\"locationId\":\"europe-west\"}"}}
[debug] [2021-02-06T15:03:29.910Z] >>> HTTP REQUEST PATCH https://cloudfunctions.googleapis.com/v1/projects/parkhaven-457c4/locations/us-central1/functions/handleMaintenaces {"updateMask":"sourceUploadUrl,name,labels,runtime,environmentVariables,httpsTrigger"} 
 {"sourceUploadUrl":"https://storage.googleapis.com/gcf-upload-us-central1-f5550d19-53d2-422b-83a7-81d6247e2a83/85879f65-a64d-4021-a09e-db9d251923ee.zip?GoogleAccessId=service-271910223877@gcf-admin-robot.iam.gserviceaccount.com&Expires=1612625609&Signature=XjUMEibqdlq3zWPFpAHWWERfDn5%2BV8BH%2B%2B6FmTFr6d9BgB%2BcnIXoLoec3FjLZ0sTR4ml3lrsxRoHmz5JD0gFCMTwNy%2BpzE1Hl%2F5yodS7Pu74%2BbqR35%2FIwLsGD8zalpZ72k2P1WgYh6%2F%2FpX%2Bp5J9W3H4rU2igDsfdZsrdvISyVibSQnOGKIdzuL5yxHz40%2FSi83DQ8qDs3iK3nYfcX%2FQ9UDoUpaC%2B2crl4mjrSnLFlSRix93ocdveKxtZdfTLNi6cOeeV1a7yAqFogJmEmqHJgHyiFKjNgT3XN6Y5u8KJhG6fYF5XXxDMFieYwqICBINgZ0%2BXogq15FVec5x%2BUzM%2Flw%3D%3D","name":"projects/parkhaven-457c4/locations/us-central1/functions/handleMaintenaces","labels":{"deployment-tool":"cli-firebase"},"httpsTrigger":{},"runtime":"nodejs12","environmentVariables":{"FIREBASE_CONFIG":"{\"projectId\":\"parkhaven-457c4\",\"databaseURL\":\"https://parkhaven-457c4.firebaseio.com\",\"storageBucket\":\"parkhaven-457c4.appspot.com\",\"locationId\":\"europe-west\"}"}}
[debug] [2021-02-06T15:03:29.912Z] >>> HTTP REQUEST PATCH https://cloudfunctions.googleapis.com/v1/projects/parkhaven-457c4/locations/us-central1/functions/setNewNotificationBoardMessage {"updateMask":"sourceUploadUrl,name,labels,runtime,environmentVariables,httpsTrigger"} 
 {"sourceUploadUrl":"https://storage.googleapis.com/gcf-upload-us-central1-f5550d19-53d2-422b-83a7-81d6247e2a83/85879f65-a64d-4021-a09e-db9d251923ee.zip?GoogleAccessId=service-271910223877@gcf-admin-robot.iam.gserviceaccount.com&Expires=1612625609&Signature=XjUMEibqdlq3zWPFpAHWWERfDn5%2BV8BH%2B%2B6FmTFr6d9BgB%2BcnIXoLoec3FjLZ0sTR4ml3lrsxRoHmz5JD0gFCMTwNy%2BpzE1Hl%2F5yodS7Pu74%2BbqR35%2FIwLsGD8zalpZ72k2P1WgYh6%2F%2FpX%2Bp5J9W3H4rU2igDsfdZsrdvISyVibSQnOGKIdzuL5yxHz40%2FSi83DQ8qDs3iK3nYfcX%2FQ9UDoUpaC%2B2crl4mjrSnLFlSRix93ocdveKxtZdfTLNi6cOeeV1a7yAqFogJmEmqHJgHyiFKjNgT3XN6Y5u8KJhG6fYF5XXxDMFieYwqICBINgZ0%2BXogq15FVec5x%2BUzM%2Flw%3D%3D","name":"projects/parkhaven-457c4/locations/us-central1/functions/setNewNotificationBoardMessage","labels":{"deployment-tool":"cli-firebase"},"httpsTrigger":{},"runtime":"nodejs12","environmentVariables":{"FIREBASE_CONFIG":"{\"projectId\":\"parkhaven-457c4\",\"databaseURL\":\"https://parkhaven-457c4.firebaseio.com\",\"storageBucket\":\"parkhaven-457c4.appspot.com\",\"locationId\":\"europe-west\"}"}}
[debug] [2021-02-06T15:03:29.912Z] >>> HTTP REQUEST PATCH https://cloudfunctions.googleapis.com/v1/projects/parkhaven-457c4/locations/us-central1/functions/sendNotificationsPerAppointment {"updateMask":"sourceUploadUrl,name,labels,runtime,environmentVariables,httpsTrigger"} 
 {"sourceUploadUrl":"https://storage.googleapis.com/gcf-upload-us-central1-f5550d19-53d2-422b-83a7-81d6247e2a83/85879f65-a64d-4021-a09e-db9d251923ee.zip?GoogleAccessId=service-271910223877@gcf-admin-robot.iam.gserviceaccount.com&Expires=1612625609&Signature=XjUMEibqdlq3zWPFpAHWWERfDn5%2BV8BH%2B%2B6FmTFr6d9BgB%2BcnIXoLoec3FjLZ0sTR4ml3lrsxRoHmz5JD0gFCMTwNy%2BpzE1Hl%2F5yodS7Pu74%2BbqR35%2FIwLsGD8zalpZ72k2P1WgYh6%2F%2FpX%2Bp5J9W3H4rU2igDsfdZsrdvISyVibSQnOGKIdzuL5yxHz40%2FSi83DQ8qDs3iK3nYfcX%2FQ9UDoUpaC%2B2crl4mjrSnLFlSRix93ocdveKxtZdfTLNi6cOeeV1a7yAqFogJmEmqHJgHyiFKjNgT3XN6Y5u8KJhG6fYF5XXxDMFieYwqICBINgZ0%2BXogq15FVec5x%2BUzM%2Flw%3D%3D","name":"projects/parkhaven-457c4/locations/us-central1/functions/sendNotificationsPerAppointment","labels":{"deployment-tool":"cli-firebase"},"httpsTrigger":{},"runtime":"nodejs12","environmentVariables":{"FIREBASE_CONFIG":"{\"projectId\":\"parkhaven-457c4\",\"databaseURL\":\"https://parkhaven-457c4.firebaseio.com\",\"storageBucket\":\"parkhaven-457c4.appspot.com\",\"locationId\":\"europe-west\"}"}}
[debug] [2021-02-06T15:03:30.701Z] <<< HTTP RESPONSE 200 {"content-type":"application/json; charset=UTF-8","vary":"X-Origin, Referer, Origin,Accept-Encoding","date":"Sat, 06 Feb 2021 15:03:30 GMT","server":"ESF","cache-control":"private","x-xss-protection":"0","x-frame-options":"SAMEORIGIN","x-content-type-options":"nosniff","alt-svc":"h3-29=\":443\"; ma=2592000,h3-T051=\":443\"; ma=2592000,h3-Q050=\":443\"; ma=2592000,h3-Q046=\":443\"; ma=2592000,h3-Q043=\":443\"; ma=2592000,quic=\":443\"; ma=2592000; v=\"46,43\"","accept-ranges":"none","transfer-encoding":"chunked"}
[debug] [2021-02-06T15:03:30.702Z] <<< HTTP RESPONSE 200 {"content-type":"application/json; charset=UTF-8","vary":"X-Origin, Referer, Origin,Accept-Encoding","date":"Sat, 06 Feb 2021 15:03:30 GMT","server":"ESF","cache-control":"private","x-xss-protection":"0","x-frame-options":"SAMEORIGIN","x-content-type-options":"nosniff","alt-svc":"h3-29=\":443\"; ma=2592000,h3-T051=\":443\"; ma=2592000,h3-Q050=\":443\"; ma=2592000,h3-Q046=\":443\"; ma=2592000,h3-Q043=\":443\"; ma=2592000,quic=\":443\"; ma=2592000; v=\"46,43\"","accept-ranges":"none","transfer-encoding":"chunked"}
[debug] [2021-02-06T15:03:30.707Z] <<< HTTP RESPONSE 200 {"content-type":"application/json; charset=UTF-8","vary":"X-Origin, Referer, Origin,Accept-Encoding","date":"Sat, 06 Feb 2021 15:03:30 GMT","server":"ESF","cache-control":"private","x-xss-protection":"0","x-frame-options":"SAMEORIGIN","x-content-type-options":"nosniff","alt-svc":"h3-29=\":443\"; ma=2592000,h3-T051=\":443\"; ma=2592000,h3-Q050=\":443\"; ma=2592000,h3-Q046=\":443\"; ma=2592000,h3-Q043=\":443\"; ma=2592000,quic=\":443\"; ma=2592000; v=\"46,43\"","accept-ranges":"none","transfer-encoding":"chunked"}
[debug] [2021-02-06T15:03:30.708Z] <<< HTTP RESPONSE 200 {"content-type":"application/json; charset=UTF-8","vary":"X-Origin, Referer, Origin,Accept-Encoding","date":"Sat, 06 Feb 2021 15:03:30 GMT","server":"ESF","cache-control":"private","x-xss-protection":"0","x-frame-options":"SAMEORIGIN","x-content-type-options":"nosniff","alt-svc":"h3-29=\":443\"; ma=2592000,h3-T051=\":443\"; ma=2592000,h3-Q050=\":443\"; ma=2592000,h3-Q046=\":443\"; ma=2592000,h3-Q043=\":443\"; ma=2592000,quic=\":443\"; ma=2592000; v=\"46,43\"","accept-ranges":"none","transfer-encoding":"chunked"}
[debug] [2021-02-06T15:03:30.730Z] <<< HTTP RESPONSE 200 {"content-type":"application/json; charset=UTF-8","vary":"X-Origin, Referer, Origin,Accept-Encoding","date":"Sat, 06 Feb 2021 15:03:30 GMT","server":"ESF","cache-control":"private","x-xss-protection":"0","x-frame-options":"SAMEORIGIN","x-content-type-options":"nosniff","alt-svc":"h3-29=\":443\"; ma=2592000,h3-T051=\":443\"; ma=2592000,h3-Q050=\":443\"; ma=2592000,h3-Q046=\":443\"; ma=2592000,h3-Q043=\":443\"; ma=2592000,quic=\":443\"; ma=2592000; v=\"46,43\"","accept-ranges":"none","transfer-encoding":"chunked"}
[debug] [2021-02-06T15:03:30.731Z] <<< HTTP RESPONSE 200 {"content-type":"application/json; charset=UTF-8","vary":"X-Origin, Referer, Origin,Accept-Encoding","date":"Sat, 06 Feb 2021 15:03:30 GMT","server":"ESF","cache-control":"private","x-xss-protection":"0","x-frame-options":"SAMEORIGIN","x-content-type-options":"nosniff","alt-svc":"h3-29=\":443\"; ma=2592000,h3-T051=\":443\"; ma=2592000,h3-Q050=\":443\"; ma=2592000,h3-Q046=\":443\"; ma=2592000,h3-Q043=\":443\"; ma=2592000,quic=\":443\"; ma=2592000; v=\"46,43\"","accept-ranges":"none","transfer-encoding":"chunked"}
[debug] [2021-02-06T15:03:30.732Z] <<< HTTP RESPONSE 200 {"content-type":"application/json; charset=UTF-8","vary":"X-Origin, Referer, Origin,Accept-Encoding","date":"Sat, 06 Feb 2021 15:03:30 GMT","server":"ESF","cache-control":"private","x-xss-protection":"0","x-frame-options":"SAMEORIGIN","x-content-type-options":"nosniff","alt-svc":"h3-29=\":443\"; ma=2592000,h3-T051=\":443\"; ma=2592000,h3-Q050=\":443\"; ma=2592000,h3-Q046=\":443\"; ma=2592000,h3-Q043=\":443\"; ma=2592000,quic=\":443\"; ma=2592000; v=\"46,43\"","accept-ranges":"none","transfer-encoding":"chunked"}
[debug] [2021-02-06T15:03:30.733Z] <<< HTTP RESPONSE 200 {"content-type":"application/json; charset=UTF-8","vary":"X-Origin, Referer, Origin,Accept-Encoding","date":"Sat, 06 Feb 2021 15:03:30 GMT","server":"ESF","cache-control":"private","x-xss-protection":"0","x-frame-options":"SAMEORIGIN","x-content-type-options":"nosniff","alt-svc":"h3-29=\":443\"; ma=2592000,h3-T051=\":443\"; ma=2592000,h3-Q050=\":443\"; ma=2592000,h3-Q046=\":443\"; ma=2592000,h3-Q043=\":443\"; ma=2592000,quic=\":443\"; ma=2592000; v=\"46,43\"","accept-ranges":"none","transfer-encoding":"chunked"}
[debug] [2021-02-06T15:03:30.734Z] <<< HTTP RESPONSE 200 {"content-type":"application/json; charset=UTF-8","vary":"X-Origin, Referer, Origin,Accept-Encoding","date":"Sat, 06 Feb 2021 15:03:30 GMT","server":"ESF","cache-control":"private","x-xss-protection":"0","x-frame-options":"SAMEORIGIN","x-content-type-options":"nosniff","alt-svc":"h3-29=\":443\"; ma=2592000,h3-T051=\":443\"; ma=2592000,h3-Q050=\":443\"; ma=2592000,h3-Q046=\":443\"; ma=2592000,h3-Q043=\":443\"; ma=2592000,quic=\":443\"; ma=2592000; v=\"46,43\"","accept-ranges":"none","transfer-encoding":"chunked"}
[debug] [2021-02-06T15:03:30.735Z] >>> HTTP REQUEST GET https://cloudfunctions.googleapis.com/v1/projects/parkhaven-457c4/locations/-/functions  
 
[debug] [2021-02-06T15:03:31.228Z] <<< HTTP RESPONSE 200 {"content-type":"application/json; charset=UTF-8","vary":"X-Origin, Referer, Origin,Accept-Encoding","date":"Sat, 06 Feb 2021 15:03:31 GMT","server":"ESF","cache-control":"private","x-xss-protection":"0","x-frame-options":"SAMEORIGIN","x-content-type-options":"nosniff","alt-svc":"h3-29=\":443\"; ma=2592000,h3-T051=\":443\"; ma=2592000,h3-Q050=\":443\"; ma=2592000,h3-Q046=\":443\"; ma=2592000,h3-Q043=\":443\"; ma=2592000,quic=\":443\"; ma=2592000; v=\"46,43\"","accept-ranges":"none","transfer-encoding":"chunked"}
[debug] [2021-02-06T15:03:31.230Z] >>> HTTP REQUEST GET https://cloudfunctions.googleapis.com/v1/operations/cGFya2hhdmVuLTQ1N2M0L3VzLWNlbnRyYWwxL3NpZ251cC9STmoxV3pLaDJNWQ  
 
[debug] [2021-02-06T15:03:31.230Z] >>> HTTP REQUEST GET https://cloudfunctions.googleapis.com/v1/operations/cGFya2hhdmVuLTQ1N2M0L3VzLWNlbnRyYWwxL2FkZEFwcG9pbnRtZW50L3pqSlNwV09icG9j  
 
[debug] [2021-02-06T15:03:31.230Z] >>> HTTP REQUEST GET https://cloudfunctions.googleapis.com/v1/operations/cGFya2hhdmVuLTQ1N2M0L3VzLWNlbnRyYWwxL3JlbW92ZUFwcG9pbnRtZW50L1hrckM0TXlxczNB  
 
[debug] [2021-02-06T15:03:31.230Z] >>> HTTP REQUEST GET https://cloudfunctions.googleapis.com/v1/operations/cGFya2hhdmVuLTQ1N2M0L3VzLWNlbnRyYWwxL2RlbGV0ZVVzZXIvX0pXWWZuanlJcFU  
 
[debug] [2021-02-06T15:03:31.231Z] >>> HTTP REQUEST GET https://cloudfunctions.googleapis.com/v1/operations/cGFya2hhdmVuLTQ1N2M0L3VzLWNlbnRyYWwxL3dlZWtseUNsZWFuVXAvcDg3OFNyUFRrUTQ  
 
[debug] [2021-02-06T15:03:31.231Z] >>> HTTP REQUEST GET https://cloudfunctions.googleapis.com/v1/operations/cGFya2hhdmVuLTQ1N2M0L3VzLWNlbnRyYWwxL2RhaWx5Q2xlYW5VcC9ZSkxvZXVEeE9OWQ  
 
[debug] [2021-02-06T15:03:31.231Z] >>> HTTP REQUEST GET https://cloudfunctions.googleapis.com/v1/operations/cGFya2hhdmVuLTQ1N2M0L3VzLWNlbnRyYWwxL2hhbmRsZU1haW50ZW5hY2VzL1BVamtxaTZiU093  
 
[debug] [2021-02-06T15:03:31.231Z] >>> HTTP REQUEST GET https://cloudfunctions.googleapis.com/v1/operations/cGFya2hhdmVuLTQ1N2M0L3VzLWNlbnRyYWwxL3NldE5ld05vdGlmaWNhdGlvbkJvYXJkTWVzc2FnZS9HNVNxeHo1Z01uRQ  
 
[debug] [2021-02-06T15:03:31.232Z] >>> HTTP REQUEST GET https://cloudfunctions.googleapis.com/v1/operations/cGFya2hhdmVuLTQ1N2M0L3VzLWNlbnRyYWwxL3NlbmROb3RpZmljYXRpb25zUGVyQXBwb2ludG1lbnQvc08xSUJOcnJTRVk  
 
[debug] [2021-02-06T15:03:31.438Z] <<< HTTP RESPONSE 200 {"content-type":"application/json; charset=UTF-8","vary":"X-Origin, Referer, Origin,Accept-Encoding","date":"Sat, 06 Feb 2021 15:03:31 GMT","server":"ESF","cache-control":"private","x-xss-protection":"0","x-frame-options":"SAMEORIGIN","x-content-type-options":"nosniff","alt-svc":"h3-29=\":443\"; ma=2592000,h3-T051=\":443\"; ma=2592000,h3-Q050=\":443\"; ma=2592000,h3-Q046=\":443\"; ma=2592000,h3-Q043=\":443\"; ma=2592000,quic=\":443\"; ma=2592000; v=\"46,43\"","accept-ranges":"none","transfer-encoding":"chunked"}
[debug] [2021-02-06T15:03:31.441Z] <<< HTTP RESPONSE 200 {"content-type":"application/json; charset=UTF-8","vary":"X-Origin, Referer, Origin,Accept-Encoding","date":"Sat, 06 Feb 2021 15:03:31 GMT","server":"ESF","cache-control":"private","x-xss-protection":"0","x-frame-options":"SAMEORIGIN","x-content-type-options":"nosniff","alt-svc":"h3-29=\":443\"; ma=2592000,h3-T051=\":443\"; ma=2592000,h3-Q050=\":443\"; ma=2592000,h3-Q046=\":443\"; ma=2592000,h3-Q043=\":443\"; ma=2592000,quic=\":443\"; ma=2592000; v=\"46,43\"","accept-ranges":"none","transfer-encoding":"chunked"}
[debug] [2021-02-06T15:03:31.444Z] <<< HTTP RESPONSE 200 {"content-type":"application/json; charset=UTF-8","vary":"X-Origin, Referer, Origin,Accept-Encoding","date":"Sat, 06 Feb 2021 15:03:31 GMT","server":"ESF","cache-control":"private","x-xss-protection":"0","x-frame-options":"SAMEORIGIN","x-content-type-options":"nosniff","alt-svc":"h3-29=\":443\"; ma=2592000,h3-T051=\":443\"; ma=2592000,h3-Q050=\":443\"; ma=2592000,h3-Q046=\":443\"; ma=2592000,h3-Q043=\":443\"; ma=2592000,quic=\":443\"; ma=2592000; v=\"46,43\"","accept-ranges":"none","transfer-encoding":"chunked"}
[debug] [2021-02-06T15:03:31.445Z] <<< HTTP RESPONSE 200 {"content-type":"application/json; charset=UTF-8","vary":"X-Origin, Referer, Origin,Accept-Encoding","date":"Sat, 06 Feb 2021 15:03:31 GMT","server":"ESF","cache-control":"private","x-xss-protection":"0","x-frame-options":"SAMEORIGIN","x-content-type-options":"nosniff","alt-svc":"h3-29=\":443\"; ma=2592000,h3-T051=\":443\"; ma=2592000,h3-Q050=\":443\"; ma=2592000,h3-Q046=\":443\"; ma=2592000,h3-Q043=\":443\"; ma=2592000,quic=\":443\"; ma=2592000; v=\"46,43\"","accept-ranges":"none","transfer-encoding":"chunked"}
[debug] [2021-02-06T15:03:31.451Z] <<< HTTP RESPONSE 200 {"content-type":"application/json; charset=UTF-8","vary":"X-Origin, Referer, Origin,Accept-Encoding","date":"Sat, 06 Feb 2021 15:03:31 GMT","server":"ESF","cache-control":"private","x-xss-protection":"0","x-frame-options":"SAMEORIGIN","x-content-type-options":"nosniff","alt-svc":"h3-29=\":443\"; ma=2592000,h3-T051=\":443\"; ma=2592000,h3-Q050=\":443\"; ma=2592000,h3-Q046=\":443\"; ma=2592000,h3-Q043=\":443\"; ma=2592000,quic=\":443\"; ma=2592000; v=\"46,43\"","accept-ranges":"none","transfer-encoding":"chunked"}
[debug] [2021-02-06T15:03:31.454Z] <<< HTTP RESPONSE 200 {"content-type":"application/json; charset=UTF-8","vary":"X-Origin, Referer, Origin,Accept-Encoding","date":"Sat, 06 Feb 2021 15:03:31 GMT","server":"ESF","cache-control":"private","x-xss-protection":"0","x-frame-options":"SAMEORIGIN","x-content-type-options":"nosniff","alt-svc":"h3-29=\":443\"; ma=2592000,h3-T051=\":443\"; ma=2592000,h3-Q050=\":443\"; ma=2592000,h3-Q046=\":443\"; ma=2592000,h3-Q043=\":443\"; ma=2592000,quic=\":443\"; ma=2592000; v=\"46,43\"","accept-ranges":"none","transfer-encoding":"chunked"}
[debug] [2021-02-06T15:03:31.458Z] <<< HTTP RESPONSE 200 {"content-type":"application/json; charset=UTF-8","vary":"X-Origin, Referer, Origin,Accept-Encoding","date":"Sat, 06 Feb 2021 15:03:31 GMT","server":"ESF","cache-control":"private","x-xss-protection":"0","x-frame-options":"SAMEORIGIN","x-content-type-options":"nosniff","alt-svc":"h3-29=\":443\"; ma=2592000,h3-T051=\":443\"; ma=2592000,h3-Q050=\":443\"; ma=2592000,h3-Q046=\":443\"; ma=2592000,h3-Q043=\":443\"; ma=2592000,quic=\":443\"; ma=2592000; v=\"46,43\"","accept-ranges":"none","transfer-encoding":"chunked"}
[debug] [2021-02-06T15:03:31.470Z] <<< HTTP RESPONSE 200 {"content-type":"application/json; charset=UTF-8","vary":"X-Origin, Referer, Origin,Accept-Encoding","date":"Sat, 06 Feb 2021 15:03:31 GMT","server":"ESF","cache-control":"private","x-xss-protection":"0","x-frame-options":"SAMEORIGIN","x-content-type-options":"nosniff","alt-svc":"h3-29=\":443\"; ma=2592000,h3-T051=\":443\"; ma=2592000,h3-Q050=\":443\"; ma=2592000,h3-Q046=\":443\"; ma=2592000,h3-Q043=\":443\"; ma=2592000,quic=\":443\"; ma=2592000; v=\"46,43\"","accept-ranges":"none","transfer-encoding":"chunked"}
[debug] [2021-02-06T15:03:31.475Z] <<< HTTP RESPONSE 200 {"content-type":"application/json; charset=UTF-8","vary":"X-Origin, Referer, Origin,Accept-Encoding","date":"Sat, 06 Feb 2021 15:03:31 GMT","server":"ESF","cache-control":"private","x-xss-protection":"0","x-frame-options":"SAMEORIGIN","x-content-type-options":"nosniff","alt-svc":"h3-29=\":443\"; ma=2592000,h3-T051=\":443\"; ma=2592000,h3-Q050=\":443\"; ma=2592000,h3-Q046=\":443\"; ma=2592000,h3-Q043=\":443\"; ma=2592000,quic=\":443\"; ma=2592000; v=\"46,43\"","accept-ranges":"none","transfer-encoding":"chunked"}
[debug] [2021-02-06T15:03:33.443Z] >>> HTTP REQUEST GET https://cloudfunctions.googleapis.com/v1/operations/cGFya2hhdmVuLTQ1N2M0L3VzLWNlbnRyYWwxL2RhaWx5Q2xlYW5VcC9ZSkxvZXVEeE9OWQ  
 
[debug] [2021-02-06T15:03:33.443Z] >>> HTTP REQUEST GET https://cloudfunctions.googleapis.com/v1/operations/cGFya2hhdmVuLTQ1N2M0L3VzLWNlbnRyYWwxL2RlbGV0ZVVzZXIvX0pXWWZuanlJcFU  
 
[debug] [2021-02-06T15:03:33.445Z] >>> HTTP REQUEST GET https://cloudfunctions.googleapis.com/v1/operations/cGFya2hhdmVuLTQ1N2M0L3VzLWNlbnRyYWwxL3dlZWtseUNsZWFuVXAvcDg3OFNyUFRrUTQ  
 
[debug] [2021-02-06T15:03:33.446Z] >>> HTTP REQUEST GET https://cloudfunctions.googleapis.com/v1/operations/cGFya2hhdmVuLTQ1N2M0L3VzLWNlbnRyYWwxL3NpZ251cC9STmoxV3pLaDJNWQ  
 
[debug] [2021-02-06T15:03:33.459Z] >>> HTTP REQUEST GET https://cloudfunctions.googleapis.com/v1/operations/cGFya2hhdmVuLTQ1N2M0L3VzLWNlbnRyYWwxL2FkZEFwcG9pbnRtZW50L3pqSlNwV09icG9j  
 
[debug] [2021-02-06T15:03:33.459Z] >>> HTTP REQUEST GET https://cloudfunctions.googleapis.com/v1/operations/cGFya2hhdmVuLTQ1N2M0L3VzLWNlbnRyYWwxL3NldE5ld05vdGlmaWNhdGlvbkJvYXJkTWVzc2FnZS9HNVNxeHo1Z01uRQ  
 
[debug] [2021-02-06T15:03:33.461Z] >>> HTTP REQUEST GET https://cloudfunctions.googleapis.com/v1/operations/cGFya2hhdmVuLTQ1N2M0L3VzLWNlbnRyYWwxL3JlbW92ZUFwcG9pbnRtZW50L1hrckM0TXlxczNB  
 
[debug] [2021-02-06T15:03:33.473Z] >>> HTTP REQUEST GET https://cloudfunctions.googleapis.com/v1/operations/cGFya2hhdmVuLTQ1N2M0L3VzLWNlbnRyYWwxL3NlbmROb3RpZmljYXRpb25zUGVyQXBwb2ludG1lbnQvc08xSUJOcnJTRVk  
 
[debug] [2021-02-06T15:03:33.475Z] >>> HTTP REQUEST GET https://cloudfunctions.googleapis.com/v1/operations/cGFya2hhdmVuLTQ1N2M0L3VzLWNlbnRyYWwxL2hhbmRsZU1haW50ZW5hY2VzL1BVamtxaTZiU093  
 
[debug] [2021-02-06T15:03:33.640Z] <<< HTTP RESPONSE 200 {"content-type":"application/json; charset=UTF-8","vary":"X-Origin, Referer, Origin,Accept-Encoding","date":"Sat, 06 Feb 2021 15:03:33 GMT","server":"ESF","cache-control":"private","x-xss-protection":"0","x-frame-options":"SAMEORIGIN","x-content-type-options":"nosniff","alt-svc":"h3-29=\":443\"; ma=2592000,h3-T051=\":443\"; ma=2592000,h3-Q050=\":443\"; ma=2592000,h3-Q046=\":443\"; ma=2592000,h3-Q043=\":443\"; ma=2592000,quic=\":443\"; ma=2592000; v=\"46,43\"","accept-ranges":"none","transfer-encoding":"chunked"}
[debug] [2021-02-06T15:03:33.647Z] <<< HTTP RESPONSE 200 {"content-type":"application/json; charset=UTF-8","vary":"X-Origin, Referer, Origin,Accept-Encoding","date":"Sat, 06 Feb 2021 15:03:33 GMT","server":"ESF","cache-control":"private","x-xss-protection":"0","x-frame-options":"SAMEORIGIN","x-content-type-options":"nosniff","alt-svc":"h3-29=\":443\"; ma=2592000,h3-T051=\":443\"; ma=2592000,h3-Q050=\":443\"; ma=2592000,h3-Q046=\":443\"; ma=2592000,h3-Q043=\":443\"; ma=2592000,quic=\":443\"; ma=2592000; v=\"46,43\"","accept-ranges":"none","transfer-encoding":"chunked"}
[debug] [2021-02-06T15:03:33.652Z] <<< HTTP RESPONSE 200 {"content-type":"application/json; charset=UTF-8","vary":"X-Origin, Referer, Origin,Accept-Encoding","date":"Sat, 06 Feb 2021 15:03:33 GMT","server":"ESF","cache-control":"private","x-xss-protection":"0","x-frame-options":"SAMEORIGIN","x-content-type-options":"nosniff","alt-svc":"h3-29=\":443\"; ma=2592000,h3-T051=\":443\"; ma=2592000,h3-Q050=\":443\"; ma=2592000,h3-Q046=\":443\"; ma=2592000,h3-Q043=\":443\"; ma=2592000,quic=\":443\"; ma=2592000; v=\"46,43\"","accept-ranges":"none","transfer-encoding":"chunked"}
[debug] [2021-02-06T15:03:33.655Z] <<< HTTP RESPONSE 200 {"content-type":"application/json; charset=UTF-8","vary":"X-Origin, Referer, Origin,Accept-Encoding","date":"Sat, 06 Feb 2021 15:03:33 GMT","server":"ESF","cache-control":"private","x-xss-protection":"0","x-frame-options":"SAMEORIGIN","x-content-type-options":"nosniff","alt-svc":"h3-29=\":443\"; ma=2592000,h3-T051=\":443\"; ma=2592000,h3-Q050=\":443\"; ma=2592000,h3-Q046=\":443\"; ma=2592000,h3-Q043=\":443\"; ma=2592000,quic=\":443\"; ma=2592000; v=\"46,43\"","accept-ranges":"none","transfer-encoding":"chunked"}
[debug] [2021-02-06T15:03:33.659Z] <<< HTTP RESPONSE 200 {"content-type":"application/json; charset=UTF-8","vary":"X-Origin, Referer, Origin,Accept-Encoding","date":"Sat, 06 Feb 2021 15:03:33 GMT","server":"ESF","cache-control":"private","x-xss-protection":"0","x-frame-options":"SAMEORIGIN","x-content-type-options":"nosniff","alt-svc":"h3-29=\":443\"; ma=2592000,h3-T051=\":443\"; ma=2592000,h3-Q050=\":443\"; ma=2592000,h3-Q046=\":443\"; ma=2592000,h3-Q043=\":443\"; ma=2592000,quic=\":443\"; ma=2592000; v=\"46,43\"","accept-ranges":"none","transfer-encoding":"chunked"}
[debug] [2021-02-06T15:03:33.663Z] <<< HTTP RESPONSE 200 {"content-type":"application/json; charset=UTF-8","vary":"X-Origin, Referer, Origin,Accept-Encoding","date":"Sat, 06 Feb 2021 15:03:33 GMT","server":"ESF","cache-control":"private","x-xss-protection":"0","x-frame-options":"SAMEORIGIN","x-content-type-options":"nosniff","alt-svc":"h3-29=\":443\"; ma=2592000,h3-T051=\":443\"; ma=2592000,h3-Q050=\":443\"; ma=2592000,h3-Q046=\":443\"; ma=2592000,h3-Q043=\":443\"; ma=2592000,quic=\":443\"; ma=2592000; v=\"46,43\"","accept-ranges":"none","transfer-encoding":"chunked"}
[debug] [2021-02-06T15:03:33.666Z] <<< HTTP RESPONSE 200 {"content-type":"application/json; charset=UTF-8","vary":"X-Origin, Referer, Origin,Accept-Encoding","date":"Sat, 06 Feb 2021 15:03:33 GMT","server":"ESF","cache-control":"private","x-xss-protection":"0","x-frame-options":"SAMEORIGIN","x-content-type-options":"nosniff","alt-svc":"h3-29=\":443\"; ma=2592000,h3-T051=\":443\"; ma=2592000,h3-Q050=\":443\"; ma=2592000,h3-Q046=\":443\"; ma=2592000,h3-Q043=\":443\"; ma=2592000,quic=\":443\"; ma=2592000; v=\"46,43\"","accept-ranges":"none","transfer-encoding":"chunked"}
[debug] [2021-02-06T15:03:33.668Z] <<< HTTP RESPONSE 200 {"content-type":"application/json; charset=UTF-8","vary":"X-Origin, Referer, Origin,Accept-Encoding","date":"Sat, 06 Feb 2021 15:03:33 GMT","server":"ESF","cache-control":"private","x-xss-protection":"0","x-frame-options":"SAMEORIGIN","x-content-type-options":"nosniff","alt-svc":"h3-29=\":443\"; ma=2592000,h3-T051=\":443\"; ma=2592000,h3-Q050=\":443\"; ma=2592000,h3-Q046=\":443\"; ma=2592000,h3-Q043=\":443\"; ma=2592000,quic=\":443\"; ma=2592000; v=\"46,43\"","accept-ranges":"none","transfer-encoding":"chunked"}
[debug] [2021-02-06T15:03:33.707Z] <<< HTTP RESPONSE 200 {"content-type":"application/json; charset=UTF-8","vary":"X-Origin, Referer, Origin,Accept-Encoding","date":"Sat, 06 Feb 2021 15:03:33 GMT","server":"ESF","cache-control":"private","x-xss-protection":"0","x-frame-options":"SAMEORIGIN","x-content-type-options":"nosniff","alt-svc":"h3-29=\":443\"; ma=2592000,h3-T051=\":443\"; ma=2592000,h3-Q050=\":443\"; ma=2592000,h3-Q046=\":443\"; ma=2592000,h3-Q043=\":443\"; ma=2592000,quic=\":443\"; ma=2592000; v=\"46,43\"","accept-ranges":"none","transfer-encoding":"chunked"}
[debug] [2021-02-06T15:03:35.645Z] >>> HTTP REQUEST GET https://cloudfunctions.googleapis.com/v1/operations/cGFya2hhdmVuLTQ1N2M0L3VzLWNlbnRyYWwxL3dlZWtseUNsZWFuVXAvcDg3OFNyUFRrUTQ  
 
[debug] [2021-02-06T15:03:35.659Z] >>> HTTP REQUEST GET https://cloudfunctions.googleapis.com/v1/operations/cGFya2hhdmVuLTQ1N2M0L3VzLWNlbnRyYWwxL2RhaWx5Q2xlYW5VcC9ZSkxvZXVEeE9OWQ  
 
[debug] [2021-02-06T15:03:35.659Z] >>> HTTP REQUEST GET https://cloudfunctions.googleapis.com/v1/operations/cGFya2hhdmVuLTQ1N2M0L3VzLWNlbnRyYWwxL2RlbGV0ZVVzZXIvX0pXWWZuanlJcFU  
 
[debug] [2021-02-06T15:03:35.661Z] >>> HTTP REQUEST GET https://cloudfunctions.googleapis.com/v1/operations/cGFya2hhdmVuLTQ1N2M0L3VzLWNlbnRyYWwxL3JlbW92ZUFwcG9pbnRtZW50L1hrckM0TXlxczNB  
 
[debug] [2021-02-06T15:03:35.664Z] >>> HTTP REQUEST GET https://cloudfunctions.googleapis.com/v1/operations/cGFya2hhdmVuLTQ1N2M0L3VzLWNlbnRyYWwxL3NpZ251cC9STmoxV3pLaDJNWQ  
 
[debug] [2021-02-06T15:03:35.664Z] >>> HTTP REQUEST GET https://cloudfunctions.googleapis.com/v1/operations/cGFya2hhdmVuLTQ1N2M0L3VzLWNlbnRyYWwxL2FkZEFwcG9pbnRtZW50L3pqSlNwV09icG9j  
 
[debug] [2021-02-06T15:03:35.667Z] >>> HTTP REQUEST GET https://cloudfunctions.googleapis.com/v1/operations/cGFya2hhdmVuLTQ1N2M0L3VzLWNlbnRyYWwxL2hhbmRsZU1haW50ZW5hY2VzL1BVamtxaTZiU093  
 
[debug] [2021-02-06T15:03:35.675Z] >>> HTTP REQUEST GET https://cloudfunctions.googleapis.com/v1/operations/cGFya2hhdmVuLTQ1N2M0L3VzLWNlbnRyYWwxL3NldE5ld05vdGlmaWNhdGlvbkJvYXJkTWVzc2FnZS9HNVNxeHo1Z01uRQ  
 
[debug] [2021-02-06T15:03:35.723Z] >>> HTTP REQUEST GET https://cloudfunctions.googleapis.com/v1/operations/cGFya2hhdmVuLTQ1N2M0L3VzLWNlbnRyYWwxL3NlbmROb3RpZmljYXRpb25zUGVyQXBwb2ludG1lbnQvc08xSUJOcnJTRVk  
 
[debug] [2021-02-06T15:03:35.849Z] <<< HTTP RESPONSE 200 {"content-type":"application/json; charset=UTF-8","vary":"X-Origin, Referer, Origin,Accept-Encoding","date":"Sat, 06 Feb 2021 15:03:35 GMT","server":"ESF","cache-control":"private","x-xss-protection":"0","x-frame-options":"SAMEORIGIN","x-content-type-options":"nosniff","alt-svc":"h3-29=\":443\"; ma=2592000,h3-T051=\":443\"; ma=2592000,h3-Q050=\":443\"; ma=2592000,h3-Q046=\":443\"; ma=2592000,h3-Q043=\":443\"; ma=2592000,quic=\":443\"; ma=2592000; v=\"46,43\"","accept-ranges":"none","transfer-encoding":"chunked"}
[debug] [2021-02-06T15:03:35.855Z] <<< HTTP RESPONSE 200 {"content-type":"application/json; charset=UTF-8","vary":"X-Origin, Referer, Origin,Accept-Encoding","date":"Sat, 06 Feb 2021 15:03:35 GMT","server":"ESF","cache-control":"private","x-xss-protection":"0","x-frame-options":"SAMEORIGIN","x-content-type-options":"nosniff","alt-svc":"h3-29=\":443\"; ma=2592000,h3-T051=\":443\"; ma=2592000,h3-Q050=\":443\"; ma=2592000,h3-Q046=\":443\"; ma=2592000,h3-Q043=\":443\"; ma=2592000,quic=\":443\"; ma=2592000; v=\"46,43\"","accept-ranges":"none","transfer-encoding":"chunked"}
[debug] [2021-02-06T15:03:35.863Z] <<< HTTP RESPONSE 200 {"content-type":"application/json; charset=UTF-8","vary":"X-Origin, Referer, Origin,Accept-Encoding","date":"Sat, 06 Feb 2021 15:03:35 GMT","server":"ESF","cache-control":"private","x-xss-protection":"0","x-frame-options":"SAMEORIGIN","x-content-type-options":"nosniff","alt-svc":"h3-29=\":443\"; ma=2592000,h3-T051=\":443\"; ma=2592000,h3-Q050=\":443\"; ma=2592000,h3-Q046=\":443\"; ma=2592000,h3-Q043=\":443\"; ma=2592000,quic=\":443\"; ma=2592000; v=\"46,43\"","accept-ranges":"none","transfer-encoding":"chunked"}
[debug] [2021-02-06T15:03:35.867Z] <<< HTTP RESPONSE 200 {"content-type":"application/json; charset=UTF-8","vary":"X-Origin, Referer, Origin,Accept-Encoding","date":"Sat, 06 Feb 2021 15:03:35 GMT","server":"ESF","cache-control":"private","x-xss-protection":"0","x-frame-options":"SAMEORIGIN","x-content-type-options":"nosniff","alt-svc":"h3-29=\":443\"; ma=2592000,h3-T051=\":443\"; ma=2592000,h3-Q050=\":443\"; ma=2592000,h3-Q046=\":443\"; ma=2592000,h3-Q043=\":443\"; ma=2592000,quic=\":443\"; ma=2592000; v=\"46,43\"","accept-ranges":"none","transfer-encoding":"chunked"}
[debug] [2021-02-06T15:03:35.874Z] <<< HTTP RESPONSE 200 {"content-type":"application/json; charset=UTF-8","vary":"X-Origin, Referer, Origin,Accept-Encoding","date":"Sat, 06 Feb 2021 15:03:35 GMT","server":"ESF","cache-control":"private","x-xss-protection":"0","x-frame-options":"SAMEORIGIN","x-content-type-options":"nosniff","alt-svc":"h3-29=\":443\"; ma=2592000,h3-T051=\":443\"; ma=2592000,h3-Q050=\":443\"; ma=2592000,h3-Q046=\":443\"; ma=2592000,h3-Q043=\":443\"; ma=2592000,quic=\":443\"; ma=2592000; v=\"46,43\"","accept-ranges":"none","transfer-encoding":"chunked"}
[debug] [2021-02-06T15:03:35.876Z] <<< HTTP RESPONSE 200 {"content-type":"application/json; charset=UTF-8","vary":"X-Origin, Referer, Origin,Accept-Encoding","date":"Sat, 06 Feb 2021 15:03:35 GMT","server":"ESF","cache-control":"private","x-xss-protection":"0","x-frame-options":"SAMEORIGIN","x-content-type-options":"nosniff","alt-svc":"h3-29=\":443\"; ma=2592000,h3-T051=\":443\"; ma=2592000,h3-Q050=\":443\"; ma=2592000,h3-Q046=\":443\"; ma=2592000,h3-Q043=\":443\"; ma=2592000,quic=\":443\"; ma=2592000; v=\"46,43\"","accept-ranges":"none","transfer-encoding":"chunked"}
[debug] [2021-02-06T15:03:35.890Z] <<< HTTP RESPONSE 200 {"content-type":"application/json; charset=UTF-8","vary":"X-Origin, Referer, Origin,Accept-Encoding","date":"Sat, 06 Feb 2021 15:03:35 GMT","server":"ESF","cache-control":"private","x-xss-protection":"0","x-frame-options":"SAMEORIGIN","x-content-type-options":"nosniff","alt-svc":"h3-29=\":443\"; ma=2592000,h3-T051=\":443\"; ma=2592000,h3-Q050=\":443\"; ma=2592000,h3-Q046=\":443\"; ma=2592000,h3-Q043=\":443\"; ma=2592000,quic=\":443\"; ma=2592000; v=\"46,43\"","accept-ranges":"none","transfer-encoding":"chunked"}
[debug] [2021-02-06T15:03:35.894Z] <<< HTTP RESPONSE 200 {"content-type":"application/json; charset=UTF-8","vary":"X-Origin, Referer, Origin,Accept-Encoding","date":"Sat, 06 Feb 2021 15:03:35 GMT","server":"ESF","cache-control":"private","x-xss-protection":"0","x-frame-options":"SAMEORIGIN","x-content-type-options":"nosniff","alt-svc":"h3-29=\":443\"; ma=2592000,h3-T051=\":443\"; ma=2592000,h3-Q050=\":443\"; ma=2592000,h3-Q046=\":443\"; ma=2592000,h3-Q043=\":443\"; ma=2592000,quic=\":443\"; ma=2592000; v=\"46,43\"","accept-ranges":"none","transfer-encoding":"chunked"}
[debug] [2021-02-06T15:03:35.960Z] <<< HTTP RESPONSE 200 {"content-type":"application/json; charset=UTF-8","vary":"X-Origin, Referer, Origin,Accept-Encoding","date":"Sat, 06 Feb 2021 15:03:35 GMT","server":"ESF","cache-control":"private","x-xss-protection":"0","x-frame-options":"SAMEORIGIN","x-content-type-options":"nosniff","alt-svc":"h3-29=\":443\"; ma=2592000,h3-T051=\":443\"; ma=2592000,h3-Q050=\":443\"; ma=2592000,h3-Q046=\":443\"; ma=2592000,h3-Q043=\":443\"; ma=2592000,quic=\":443\"; ma=2592000; v=\"46,43\"","accept-ranges":"none","transfer-encoding":"chunked"}
