[debug] [2018-04-07T12:44:33.267Z] ----------------------------------------------------------------------
[debug] [2018-04-07T12:44:33.269Z] Command:       /home/yoshua/.nvm/versions/node/v8.9.4/bin/node /home/yoshua/.nvm/versions/node/v8.9.4/bin/firebase serve --only functions
[debug] [2018-04-07T12:44:33.270Z] CLI Version:   3.18.2
[debug] [2018-04-07T12:44:33.270Z] Platform:      linux
[debug] [2018-04-07T12:44:33.270Z] Node Version:  v8.9.4
[debug] [2018-04-07T12:44:33.270Z] Time:          Sat Apr 07 2018 14:44:33 GMT+0200 (CEST)
[debug] [2018-04-07T12:44:33.270Z] ----------------------------------------------------------------------
[debug] 
[debug] [2018-04-07T12:44:33.277Z] > command requires scopes: ["email","openid","https://www.googleapis.com/auth/cloudplatformprojects.readonly","https://www.googleapis.com/auth/firebase","https://www.googleapis.com/auth/cloud-platform"]
[debug] [2018-04-07T12:44:33.278Z] > authorizing via signed-in user
[debug] [2018-04-07T12:44:33.279Z] > refreshing access token with scopes: ["email","https://www.googleapis.com/auth/cloud-platform","https://www.googleapis.com/auth/cloudplatformprojects.readonly","https://www.googleapis.com/auth/firebase","openid"]
[debug] [2018-04-07T12:44:33.279Z] >>> HTTP REQUEST POST https://www.googleapis.com/oauth2/v3/token  
 { refresh_token: '1/Jva_w48WogtvOCtEfQ1zShPeGjbfVDbdBYcw5YYg_EE',
  client_id: '563584335869-fgrhgmd47bqnekij5i8b5pr03ho849e6.apps.googleusercontent.com',
  client_secret: 'j9iVZfS8kkCEFUPaAeJV0sAi',
  grant_type: 'refresh_token',
  scope: 'email https://www.googleapis.com/auth/cloud-platform https://www.googleapis.com/auth/cloudplatformprojects.readonly https://www.googleapis.com/auth/firebase openid' } 
 Sat Apr 07 2018 14:44:33 GMT+0200 (CEST)
[debug] [2018-04-07T12:44:33.403Z] <<< HTTP RESPONSE 200
[debug] [2018-04-07T12:44:33.411Z] >>> HTTP REQUEST GET https://admin.firebase.com/v1/projects/fir-531f4  
  
 Sat Apr 07 2018 14:44:33 GMT+0200 (CEST)
[debug] [2018-04-07T12:44:34.605Z] <<< HTTP RESPONSE 200
[debug] [2018-04-07T12:44:34.607Z] >>> HTTP REQUEST GET https://admin.firebase.com/v1/database/fir-531f4/tokens  
  
 Sat Apr 07 2018 14:44:34 GMT+0200 (CEST)
[debug] [2018-04-07T12:44:35.627Z] <<< HTTP RESPONSE 200
[debug] [2018-04-07T12:44:35.629Z] >>> HTTP REQUEST GET https://cloudresourcemanager.googleapis.com/v1/projects/fir-531f4  
  
 Sat Apr 07 2018 14:44:35 GMT+0200 (CEST)
[debug] [2018-04-07T12:44:36.323Z] <<< HTTP RESPONSE 200
[info] 
[info] === Serving from '/home/yoshua/Development/GitHub/Wasschema-App_Parkhaven/firebase-cloud-functions'...
[info] 
[info] i  functions: Preparing to emulate functions.
[debug] [2018-04-07T12:44:36.714Z] Fetching environment
[debug] [2018-04-07T12:44:36.715Z] >>> HTTP REQUEST GET https://mobilesdk-pa.googleapis.com/v1/projects/932886716822:getServerAppConfig  
  
 Sat Apr 07 2018 14:44:36 GMT+0200 (CEST)
[debug] [2018-04-07T12:44:37.269Z] <<< HTTP RESPONSE 200
[debug] [2018-04-07T12:44:37.269Z] Starting @google-cloud/functions-emulator
[debug] [2018-04-07T12:44:38.299Z] Parsing function triggers
[info] ✔  functions: demo: http://localhost:5000/fir-531f4/us-central1/demo
[info] ✔  functions: appointment: http://localhost:5000/fir-531f4/us-central1/appointment
