[debug] [2018-03-27T17:51:00.606Z] ----------------------------------------------------------------------
[debug] [2018-03-27T17:51:00.609Z] Command:       /home/yoshua/.nvm/versions/node/v8.9.4/bin/node /home/yoshua/.nvm/versions/node/v8.9.4/bin/firebase serve --only functions
[debug] [2018-03-27T17:51:00.609Z] CLI Version:   3.17.7
[debug] [2018-03-27T17:51:00.609Z] Platform:      linux
[debug] [2018-03-27T17:51:00.609Z] Node Version:  v8.9.4
[debug] [2018-03-27T17:51:00.609Z] Time:          Tue Mar 27 2018 19:51:00 GMT+0200 (CEST)
[debug] [2018-03-27T17:51:00.609Z] ----------------------------------------------------------------------
[debug] 
[debug] [2018-03-27T17:51:00.624Z] > command requires scopes: ["email","openid","https://www.googleapis.com/auth/cloudplatformprojects.readonly","https://www.googleapis.com/auth/firebase","https://www.googleapis.com/auth/cloud-platform"]
[debug] [2018-03-27T17:51:00.624Z] > authorizing via signed-in user
[debug] [2018-03-27T17:51:00.627Z] >>> HTTP REQUEST GET https://admin.firebase.com/v1/projects/fir-531f4  
  
 Tue Mar 27 2018 19:51:00 GMT+0200 (CEST)
[debug] [2018-03-27T17:51:01.775Z] <<< HTTP RESPONSE 200
[debug] [2018-03-27T17:51:01.777Z] >>> HTTP REQUEST GET https://admin.firebase.com/v1/database/fir-531f4/tokens  
  
 Tue Mar 27 2018 19:51:01 GMT+0200 (CEST)
[debug] [2018-03-27T17:51:02.299Z] <<< HTTP RESPONSE 200
[debug] [2018-03-27T17:51:02.301Z] >>> HTTP REQUEST GET https://cloudresourcemanager.googleapis.com/v1/projects/fir-531f4  
  
 Tue Mar 27 2018 19:51:02 GMT+0200 (CEST)
[debug] [2018-03-27T17:51:02.993Z] <<< HTTP RESPONSE 200
[info] 
[info] === Serving from '/home/yoshua/Development/GitHub/Angular Demo Applications/wasschema2/cloud-functions'...
[info] 
[info] i  functions: Preparing to emulate functions.
[debug] [2018-03-27T17:51:03.298Z] Fetching environment
[debug] [2018-03-27T17:51:03.301Z] >>> HTTP REQUEST GET https://mobilesdk-pa.googleapis.com/v1/projects/932886716822:getServerAppConfig  
  
 Tue Mar 27 2018 19:51:03 GMT+0200 (CEST)
[debug] [2018-03-27T17:51:03.747Z] <<< HTTP RESPONSE 200
[debug] [2018-03-27T17:51:03.748Z] Starting @google-cloud/functions-emulator
[debug] [2018-03-27T17:51:04.793Z] Parsing function triggers
[info] ✔  functions: helloWorld: http://localhost:5000/fir-531f4/us-central1/helloWorld
[info] ✔  functions: addMessage: http://localhost:5000/fir-531f4/us-central1/addMessage
[info] ✔  functions: registerUser: http://localhost:5000/fir-531f4/us-central1/registerUser
[info] ✔  functions: appointment: http://localhost:5000/fir-531f4/us-central1/appointment
